<?xml version="1.0" encoding="UTF-8"?>
<!-- Generated by org.testng.reporters.JUnitXMLReporter -->
<testsuite hostname="SANDEEPINI" name="Test" tests="1" failures="1" timestamp="28 Feb 2020 10:24:21 GMT" time="57.683" errors="0">
  <testcase name="@AfterMethod logout" time="0.0" classname="com.actitime.test.CustomerTest">
    <failure type="org.openqa.selenium.ElementClickInterceptedException" message="element click intercepted: Element &amp;lt;a href=&amp;quot;/logout.do&amp;quot; id=&amp;quot;logoutLink&amp;quot; class=&amp;quot;logout&amp;quot;&amp;gt;...&amp;lt;/a&amp;gt; is not clickable at point (1309, 7). Other element would receive the click: &amp;lt;div class=&amp;quot;loadingMoire  transparent&amp;quot; style=&amp;quot;display: flex;&amp;quot;&amp;gt;...&amp;lt;/div&amp;gt;
  (Session info: chrome=76.0.3809.87)
Build info: version: &amp;apos;3.141.59&amp;apos;, revision: &amp;apos;e82be7d358&amp;apos;, time: &amp;apos;2018-11-14T08:25:53&amp;apos;
System info: host: &amp;apos;SANDEEPINI&amp;apos;, ip: &amp;apos;192.168.0.93&amp;apos;, os.name: &amp;apos;Windows 10&amp;apos;, os.arch: &amp;apos;amd64&amp;apos;, os.version: &amp;apos;10.0&amp;apos;, java.version: &amp;apos;1.8.0_144&amp;apos;
Driver info: org.openqa.selenium.chrome.ChromeDriver
Capabilities {acceptInsecureCerts: false, browserName: chrome, browserVersion: 76.0.3809.87, chrome: {chromedriverVersion: 75.0.3770.140 (2d9f97485c7b..., userDataDir: C:\Users\sandeep\AppData\Lo...}, goog:chromeOptions: {debuggerAddress: localhost:58394}, javascriptEnabled: true, networkConnectionEnabled: false, pageLoadStrategy: normal, platform: XP, platformName: XP, proxy: Proxy(), setWindowRect: true, strictFileInteractability: false, timeouts: {implicit: 0, pageLoad: 300000, script: 30000}, unhandledPromptBehavior: dismiss and notify}
Session ID: d55b09339ff7541b89f2e94a4a4cb454">
      <![CDATA[org.openqa.selenium.ElementClickInterceptedException: element click intercepted: Element <a href="/logout.do" id="logoutLink" class="logout">...</a> is not clickable at point (1309, 7). Other element would receive the click: <div class="loadingMoire  transparent" style="display: flex;">...</div>
  (Session info: chrome=76.0.3809.87)
Build info: version: '3.141.59', revision: 'e82be7d358', time: '2018-11-14T08:25:53'
System info: host: 'SANDEEPINI', ip: '192.168.0.93', os.name: 'Windows 10', os.arch: 'amd64', os.version: '10.0', java.version: '1.8.0_144'
Driver info: org.openqa.selenium.chrome.ChromeDriver
Capabilities {acceptInsecureCerts: false, browserName: chrome, browserVersion: 76.0.3809.87, chrome: {chromedriverVersion: 75.0.3770.140 (2d9f97485c7b..., userDataDir: C:\Users\sandeep\AppData\Lo...}, goog:chromeOptions: {debuggerAddress: localhost:58394}, javascriptEnabled: true, networkConnectionEnabled: false, pageLoadStrategy: normal, platform: XP, platformName: XP, proxy: Proxy(), setWindowRect: true, strictFileInteractability: false, timeouts: {implicit: 0, pageLoad: 300000, script: 30000}, unhandledPromptBehavior: dismiss and notify}
Session ID: d55b09339ff7541b89f2e94a4a4cb454
	at org.openqa.selenium.remote.http.W3CHttpResponseCodec.createException(W3CHttpResponseCodec.java:187)
	at org.openqa.selenium.remote.http.W3CHttpResponseCodec.decode(W3CHttpResponseCodec.java:122)
	at org.openqa.selenium.remote.http.W3CHttpResponseCodec.decode(W3CHttpResponseCodec.java:49)
	at org.openqa.selenium.remote.HttpCommandExecutor.execute(HttpCommandExecutor.java:158)
	at org.openqa.selenium.remote.service.DriverCommandExecutor.execute(DriverCommandExecutor.java:83)
	at org.openqa.selenium.remote.RemoteWebDriver.execute(RemoteWebDriver.java:552)
	at org.openqa.selenium.remote.RemoteWebElement.execute(RemoteWebElement.java:285)
	at org.openqa.selenium.remote.RemoteWebElement.click(RemoteWebElement.java:84)
	at org.openqa.selenium.support.pagefactory.internal.LocatingElementHandler.invoke(LocatingElementHandler.java:51)
	at com.sun.proxy.$Proxy10.click(Unknown Source)
	at com.actitime.pom.EnterTimeTrackPage.setLogout(EnterTimeTrackPage.java:20)
	at com.actitime.generics.BaseClass.logout(BaseClass.java:43)
... Removed 34 stack frames]]>
    </failure>
  </testcase> <!-- @AfterMethod logout -->
  <testcase name="@AfterTest closeBrowser" time="0.0" classname="com.actitime.test.CustomerTest">
    <skipped/>
  </testcase> <!-- @AfterTest closeBrowser -->
  <testcase name="testCreateCustomer" time="24.046" classname="com.actitime.test.CustomerTest">
    <failure type="java.lang.AssertionError" message="expected [HDFC_001] but found [All Customers]">
      <![CDATA[java.lang.AssertionError: expected [HDFC_001] but found [All Customers]
	at com.actitime.test.CustomerTest.testCreateCustomer(CustomerTest.java:28)
... Removed 29 stack frames]]>
    </failure>
  </testcase> <!-- testCreateCustomer -->
</testsuite> <!-- Test -->
